<?xml version="1.0" encoding="UTF-8"?>
<coverage generated="1594914572480" clover="3.2.0">
  <project timestamp="1594914572480" name="All files">
    <metrics statements="30" coveredstatements="30" conditionals="15" coveredconditionals="15" methods="6" coveredmethods="6" elements="51" coveredelements="51" complexity="0" loc="30" ncloc="30" packages="1" files="3" classes="3"/>
    <file name="getMinMax.js" path="D:\WHS\unit-tests-hw\getMinMax.js">
      <metrics statements="6" coveredstatements="6" conditionals="0" coveredconditionals="0" methods="3" coveredmethods="3"/>
      <line num="20" count="13" type="stmt"/>
      <line num="22" count="10" type="stmt"/>
      <line num="23" count="36" type="stmt"/>
      <line num="24" count="36" type="stmt"/>
      <line num="26" count="10" type="stmt"/>
      <line num="29" count="1" type="stmt"/>
    </file>
    <file name="meanMode.js" path="D:\WHS\unit-tests-hw\meanMode.js">
      <metrics statements="18" coveredstatements="18" conditionals="10" coveredconditionals="10" methods="2" coveredmethods="2"/>
      <line num="24" count="13" type="cond" truecount="2" falsecount="0"/>
      <line num="25" count="1" type="stmt"/>
      <line num="28" count="12" type="stmt"/>
      <line num="29" count="12" type="stmt"/>
      <line num="30" count="38" type="cond" truecount="2" falsecount="0"/>
      <line num="31" count="16" type="stmt"/>
      <line num="33" count="22" type="stmt"/>
      <line num="36" count="38" type="stmt"/>
      <line num="38" count="9" type="stmt"/>
      <line num="43" count="9" type="stmt"/>
      <line num="44" count="22" type="cond" truecount="2" falsecount="0"/>
      <line num="45" count="11" type="stmt"/>
      <line num="46" count="11" type="stmt"/>
      <line num="49" count="9" type="stmt"/>
      <line num="50" count="21" type="cond" truecount="4" falsecount="0"/>
      <line num="51" count="1" type="stmt"/>
      <line num="55" count="8" type="stmt"/>
      <line num="59" count="1" type="stmt"/>
    </file>
    <file name="passwordCheck.js" path="D:\WHS\unit-tests-hw\passwordCheck.js">
      <metrics statements="6" coveredstatements="6" conditionals="5" coveredconditionals="5" methods="1" coveredmethods="1"/>
      <line num="23" count="11" type="stmt"/>
      <line num="24" count="11" type="stmt"/>
      <line num="25" count="11" type="stmt"/>
      <line num="26" count="11" type="stmt"/>
      <line num="28" count="11" type="cond" truecount="5" falsecount="0"/>
      <line num="31" count="1" type="stmt"/>
    </file>
  </project>
</coverage>
