TN:
SF:getMinMax.js
FN:19,getMinMax
FN:23,(anonymous_1)
FN:24,(anonymous_2)
FNF:3
FNH:3
FNDA:13,getMinMax
FNDA:36,(anonymous_1)
FNDA:36,(anonymous_2)
DA:20,13
DA:22,10
DA:23,36
DA:24,36
DA:26,10
DA:29,1
LF:6
LH:6
BRF:0
BRH:0
end_of_record
TN:
SF:meanMode.js
FN:23,meanMode
FN:29,(anonymous_1)
FNF:2
FNH:2
FNDA:13,meanMode
FNDA:38,(anonymous_1)
DA:24,13
DA:25,1
DA:28,12
DA:29,12
DA:30,38
DA:31,16
DA:33,22
DA:36,38
DA:38,9
DA:43,9
DA:44,22
DA:45,11
DA:46,11
DA:49,9
DA:50,21
DA:51,1
DA:55,8
DA:59,1
LF:18
LH:18
BRDA:24,0,0,1
BRDA:24,0,1,12
BRDA:30,1,0,16
BRDA:30,1,1,22
BRDA:44,2,0,11
BRDA:44,2,1,11
BRDA:50,3,0,1
BRDA:50,3,1,20
BRDA:50,4,0,21
BRDA:50,4,1,10
BRF:10
BRH:10
end_of_record
TN:
SF:passwordCheck.js
FN:22,passwordCheck
FNF:1
FNH:1
FNDA:11,passwordCheck
DA:23,11
DA:24,11
DA:25,11
DA:26,11
DA:28,11
DA:31,1
LF:6
LH:6
BRDA:28,0,0,11
BRDA:28,0,1,8
BRDA:28,0,2,6
BRDA:28,0,3,4
BRDA:28,0,4,4
BRF:5
BRH:5
end_of_record
